<?xml version="1.0" encoding="UTF-8"?>
<!-- Generated by org.testng.reporters.JUnitReportReporter -->
<testsuite hostname="SMSL044" name="ar.com.osde.som.test.Test_Coordinador" tests="1" failures="0" timestamp="11 Sep 2018 20:53:35 GMT" time="8.935" errors="0">
  <testcase name="CoordinadorGeneraInvitacion" time="8.935" classname="ar.com.osde.som.test.Test_Coordinador"/>
</testsuite> <!-- ar.com.osde.som.test.Test_Coordinador -->
