<?xml version="1.0" encoding="UTF-8"?>
<!-- Generated by org.testng.reporters.JUnitReportReporter -->
<testsuite hostname="SMSL044" name="ar.com.osde.som.test.Test_Medico" tests="1" failures="0" timestamp="14 Sep 2018 18:59:34 GMT" time="12.124" errors="0">
  <testcase name="atenderSocio" time="12.124" classname="ar.com.osde.som.test.Test_Medico"/>
</testsuite> <!-- ar.com.osde.som.test.Test_Medico -->
