<?xml version="1.0" encoding="UTF-8"?>
<!-- Generated by org.testng.reporters.JUnitReportReporter -->
<testsuite hostname="SMSL044" name="ar.com.osde.som.test.Test_Coordinador" tests="1" failures="0" timestamp="13 Sep 2018 21:30:50 GMT" time="35.617" errors="0">
  <testcase name="CoordinadorGeneraInvitacion" time="35.617" classname="ar.com.osde.som.test.Test_Coordinador"/>
</testsuite> <!-- ar.com.osde.som.test.Test_Coordinador -->
